d:\code\source\repos\mixflow\builds\visualstudio2017\x64\debug\app\include_juce_audio_devices.obj
d:\code\source\repos\mixflow\builds\visualstudio2017\x64\debug\app\include_juce_gui_basics.obj
d:\code\source\repos\mixflow\builds\visualstudio2017\x64\debug\app\main.obj
d:\code\source\repos\mixflow\builds\visualstudio2017\x64\debug\app\include_juce_audio_formats.obj
d:\code\source\repos\mixflow\builds\visualstudio2017\x64\debug\app\include_juce_gui_extra.obj
d:\code\source\repos\mixflow\builds\visualstudio2017\x64\debug\app\include_juce_audio_processors.obj
d:\code\source\repos\mixflow\builds\visualstudio2017\x64\debug\app\include_juce_audio_basics.obj
d:\code\source\repos\mixflow\builds\visualstudio2017\x64\debug\app\include_juce_events.obj
d:\code\source\repos\mixflow\builds\visualstudio2017\x64\debug\app\include_juce_graphics.obj
d:\code\source\repos\mixflow\builds\visualstudio2017\x64\debug\app\include_juce_cryptography.obj
d:\code\source\repos\mixflow\builds\visualstudio2017\x64\debug\app\include_juce_video.obj
d:\code\source\repos\mixflow\builds\visualstudio2017\x64\debug\app\maincomponent.obj
d:\code\source\repos\mixflow\builds\visualstudio2017\x64\debug\app\include_juce_data_structures.obj
d:\code\source\repos\mixflow\builds\visualstudio2017\x64\debug\app\include_juce_opengl.obj
d:\code\source\repos\mixflow\builds\visualstudio2017\x64\debug\app\include_juce_core.obj
d:\code\source\repos\mixflow\builds\visualstudio2017\x64\debug\app\vc141.pdb
d:\code\source\repos\mixflow\builds\visualstudio2017\x64\debug\app\newproject.ilk
d:\code\source\repos\mixflow\builds\visualstudio2017\x64\debug\app\newproject.exe
d:\code\source\repos\mixflow\builds\visualstudio2017\x64\debug\app\newproject.pdb
d:\code\source\repos\mixflow\builds\visualstudio2017\x64\debug\app\resources.res
c:\users\dj daemonix\source\repos\mixflow\builds\visualstudio2017\x64\debug\app\include_juce_audio_basics.obj
c:\users\dj daemonix\source\repos\mixflow\builds\visualstudio2017\x64\debug\app\include_juce_audio_devices.obj
c:\users\dj daemonix\source\repos\mixflow\builds\visualstudio2017\x64\debug\app\include_juce_audio_formats.obj
c:\users\dj daemonix\source\repos\mixflow\builds\visualstudio2017\x64\debug\app\include_juce_audio_processors.obj
c:\users\dj daemonix\source\repos\mixflow\builds\visualstudio2017\x64\debug\app\include_juce_core.obj
c:\users\dj daemonix\source\repos\mixflow\builds\visualstudio2017\x64\debug\app\include_juce_cryptography.obj
c:\users\dj daemonix\source\repos\mixflow\builds\visualstudio2017\x64\debug\app\include_juce_data_structures.obj
c:\users\dj daemonix\source\repos\mixflow\builds\visualstudio2017\x64\debug\app\include_juce_events.obj
c:\users\dj daemonix\source\repos\mixflow\builds\visualstudio2017\x64\debug\app\include_juce_graphics.obj
c:\users\dj daemonix\source\repos\mixflow\builds\visualstudio2017\x64\debug\app\include_juce_gui_basics.obj
c:\users\dj daemonix\source\repos\mixflow\builds\visualstudio2017\x64\debug\app\include_juce_gui_extra.obj
c:\users\dj daemonix\source\repos\mixflow\builds\visualstudio2017\x64\debug\app\include_juce_opengl.obj
c:\users\dj daemonix\source\repos\mixflow\builds\visualstudio2017\x64\debug\app\include_juce_video.obj
c:\users\dj daemonix\source\repos\mixflow\builds\visualstudio2017\x64\debug\app\main.obj
c:\users\dj daemonix\source\repos\mixflow\builds\visualstudio2017\x64\debug\app\maincomponent.obj
c:\users\dj daemonix\source\repos\mixflow\builds\visualstudio2017\x64\debug\app\newproject.ilk
c:\users\dj daemonix\source\repos\mixflow\builds\visualstudio2017\x64\debug\app\resources.res
c:\users\dj daemonix\source\repos\mixflow\builds\visualstudio2017\x64\debug\app\newproject.pdb
c:\users\dj daemonix\source\repos\mixflow\builds\visualstudio2017\x64\debug\app\vc141.pdb
c:\users\dj daemonix\source\repos\mixflow\builds\visualstudio2017\x64\debug\app\newproject.exe
c:\users\dj daemonix\source\repos\mixflow\builds\visualstudio2017\x64\debug\app\mixflow_app.tlog\cl.command.1.tlog
c:\users\dj daemonix\source\repos\mixflow\builds\visualstudio2017\x64\debug\app\mixflow_app.tlog\cl.read.1.tlog
c:\users\dj daemonix\source\repos\mixflow\builds\visualstudio2017\x64\debug\app\mixflow_app.tlog\cl.write.1.tlog
c:\users\dj daemonix\source\repos\mixflow\builds\visualstudio2017\x64\debug\app\mixflow_app.tlog\link.command.1.tlog
c:\users\dj daemonix\source\repos\mixflow\builds\visualstudio2017\x64\debug\app\mixflow_app.tlog\link.read.1.tlog
c:\users\dj daemonix\source\repos\mixflow\builds\visualstudio2017\x64\debug\app\mixflow_app.tlog\link.write.1.tlog
c:\users\dj daemonix\source\repos\mixflow\builds\visualstudio2017\x64\debug\app\mixflow_app.tlog\rc.command.1.tlog
c:\users\dj daemonix\source\repos\mixflow\builds\visualstudio2017\x64\debug\app\mixflow_app.tlog\rc.read.1.tlog
c:\users\dj daemonix\source\repos\mixflow\builds\visualstudio2017\x64\debug\app\mixflow_app.tlog\rc.write.1.tlog
